<?xml version="1.0" encoding="UTF-8"?>
<testsuite name="game.AppTest" tests="2" skipped="0" failures="0" errors="0" timestamp="2020-11-22T10:29:03" hostname="LAPTOP-VROLHKP5" time="1.525">
  <properties/>
  <testcase name="constructorNull()" classname="game.AppTest" time="0.003"/>
  <testcase name="gameObjectNull()" classname="game.AppTest" time="1.52"/>
  <system-out><![CDATA[]]></system-out>
  <system-err><![CDATA[]]></system-err>
</testsuite>
