<?xml version="1.0" encoding="UTF-8"?>
<testsuite name="game.ChaserTest" tests="3" skipped="0" failures="0" errors="0" timestamp="2020-11-22T10:29:05" hostname="LAPTOP-VROLHKP5" time="0.194">
  <properties/>
  <testcase name="unknownModeTest()" classname="game.ChaserTest" time="0.058"/>
  <testcase name="chaseModeTest()" classname="game.ChaserTest" time="0.065"/>
  <testcase name="scatterModeTest()" classname="game.ChaserTest" time="0.066"/>
  <system-out><![CDATA[]]></system-out>
  <system-err><![CDATA[]]></system-err>
</testsuite>
