<?xml version="1.0" encoding="UTF-8"?>
<testsuite name="game.GameTest" tests="6" skipped="0" failures="0" errors="0" timestamp="2020-11-22T10:29:05" hostname="LAPTOP-VROLHKP5" time="1.893">
  <properties/>
  <testcase name="checkEndTest()" classname="game.GameTest" time="0.778"/>
  <testcase name="manageTimersTest()" classname="game.GameTest" time="0.05"/>
  <testcase name="executionTest()" classname="game.GameTest" time="0.844"/>
  <testcase name="drawLivesTest()" classname="game.GameTest" time="0.064"/>
  <testcase name="specialModeTest()" classname="game.GameTest" time="0.088"/>
  <testcase name="tickTest()" classname="game.GameTest" time="0.064"/>
  <system-out><![CDATA[]]></system-out>
  <system-err><![CDATA[]]></system-err>
</testsuite>
