<?xml version="1.0" encoding="UTF-8"?>
<testsuite name="game.MapTest" tests="2" skipped="0" failures="0" errors="0" timestamp="2020-11-22T10:29:08" hostname="LAPTOP-VROLHKP5" time="0.195">
  <properties/>
  <testcase name="parseObjectsValid()" classname="game.MapTest" time="0.125"/>
  <testcase name="parseJsonFile()" classname="game.MapTest" time="0.069"/>
  <system-out><![CDATA[]]></system-out>
  <system-err><![CDATA[]]></system-err>
</testsuite>
